d:\dlyakyrsovoi\calendar++\calendar++\x64\debug\vc143.pdb
d:\dlyakyrsovoi\calendar++\calendar++\x64\debug\.netframework,version=v4.8.assemblyattributes.obj
d:\dlyakyrsovoi\calendar++\calendar++\x64\debug\regis.obj
d:\dlyakyrsovoi\calendar++\calendar++\x64\debug\main.obj
d:\dlyakyrsovoi\calendar++\calendar++\x64\debug\auntif.obj
d:\dlyakyrsovoi\calendar++\calendar++\x64\debug\calendarmain1.obj
d:\dlyakyrsovoi\calendar++\x64\debug\calendar++.exe
d:\dlyakyrsovoi\calendar++\x64\debug\calendar++.pdb
d:\dlyakyrsovoi\calendar++\calendar++\x64\debug\calendarform.obj
d:\dlyakyrsovoi\calendar++\calendar++\x64\debug\calendar++.tlog\cl.command.1.tlog
d:\dlyakyrsovoi\calendar++\calendar++\x64\debug\calendar++.tlog\cl.items.tlog
d:\dlyakyrsovoi\calendar++\calendar++\x64\debug\calendar++.tlog\cl.read.1.tlog
d:\dlyakyrsovoi\calendar++\calendar++\x64\debug\calendar++.tlog\cl.write.1.tlog
d:\dlyakyrsovoi\calendar++\calendar++\x64\debug\calendar++.tlog\link.command.1.tlog
d:\dlyakyrsovoi\calendar++\calendar++\x64\debug\calendar++.tlog\link.read.1.tlog
d:\dlyakyrsovoi\calendar++\calendar++\x64\debug\calendar++.tlog\link.secondary.1.tlog
d:\dlyakyrsovoi\calendar++\calendar++\x64\debug\calendar++.tlog\link.write.1.tlog
d:\dlyakyrsovoi\calendar++\calendar++\x64\debug\calendar++.tlog\metagen.read.1.tlog
d:\dlyakyrsovoi\calendar++\calendar++\x64\debug\calendar++.tlog\metagen.write.1.tlog
d:\dlyakyrsovoi\calendar++\calendar++\x64\debug\calendar++.tlog\resgen.command.1.tlog
d:\dlyakyrsovoi\calendar++\calendar++\x64\debug\calendar++.tlog\resgen.read.1.tlog
d:\dlyakyrsovoi\calendar++\calendar++\x64\debug\calendar++.tlog\resgen.write.1.tlog
